Command line:
   DataPath_isim_beh.exe
     -simmode  gui
     -simrunnum  0
     -socket  59395

Wed Dec 13 01:07:26 2017


 Elaboration Time: 0.156001 sec

 Current Memory Usage: 1166.59 Meg

 Total Signals          : 215
 Total Nets             : 938
 Total Signal Drivers   : 88
 Total Blocks           : 26
 Total Primitive Blocks : 22
 Total Processes        : 107
 Total Traceable Variables  : 353
 Total Scalar Nets and Variables : 29430
Total Line Count : 508

 Total Simulation Time: 0.390002 sec

 Current Memory Usage: 1323.86 Meg

Wed Dec 13 01:08:01 2017

